<?xml version="1.0" encoding="UTF-8"?>
<!-- Generated by org.testng.reporters.JUnitReportReporter -->
<testsuite hostname="Aashish" failures="0" tests="1" name="runner.LoginWithDataRunner" time="0.084" errors="0" timestamp="2025-06-23T17:28:19 IST" skipped="0">
  <testcase classname="runner.LoginWithDataRunner" name="runScenario" time="0.084"/>
  <system-out/>
</testsuite> <!-- runner.LoginWithDataRunner -->
