<?xml version="1.0" encoding="UTF-8"?>
<!-- Generated by org.testng.reporters.JUnitReportReporter -->
<testsuite hostname="Aashish" failures="0" tests="1" name="runner.BankAccountRunner" time="0.088" errors="0" timestamp="2025-06-25T20:17:25 IST" skipped="0">
  <testcase classname="runner.BankAccountRunner" name="runScenario" time="0.088"/>
  <system-out/>
</testsuite> <!-- runner.BankAccountRunner -->
