<?xml version="1.0" encoding="UTF-8"?>
<!-- Generated by org.testng.reporters.JUnitReportReporter -->
<testsuite hostname="Aashish" failures="0" tests="2" name="runner.CampaignHooksRunner" time="0.098" errors="0" timestamp="2025-07-01T20:58:02 IST" skipped="0">
  <testcase classname="runner.CampaignHooksRunner" name="runScenario" time="0.089"/>
  <system-out/>
  <testcase classname="runner.CampaignHooksRunner" name="runScenario" time="0.009"/>
  <system-out/>
</testsuite> <!-- runner.CampaignHooksRunner -->
