<?xml version="1.0" encoding="UTF-8"?>
<!-- Generated by org.testng.reporters.JUnitReportReporter -->
<testsuite hostname="Aashish" failures="0" tests="4" name="runner.ScenarionOutlineRunner" time="0.113" errors="0" timestamp="2025-06-24T22:33:56 IST" skipped="0">
  <testcase classname="runner.ScenarionOutlineRunner" name="runScenario" time="0.104"/>
  <system-out/>
  <testcase classname="runner.ScenarionOutlineRunner" name="runScenario" time="0.003"/>
  <system-out/>
  <testcase classname="runner.ScenarionOutlineRunner" name="runScenario" time="0.002"/>
  <system-out/>
  <testcase classname="runner.ScenarionOutlineRunner" name="runScenario" time="0.004"/>
  <system-out/>
</testsuite> <!-- runner.ScenarionOutlineRunner -->
