<?xml version="1.0" encoding="UTF-8"?>
<!-- Generated by org.testng.reporters.JUnitReportReporter -->
<testsuite hostname="Aashish" failures="0" tests="2" name="runner.loginRunner" time="0.084" errors="0" timestamp="2025-06-22T13:56:19 IST" skipped="0">
  <testcase classname="runner.loginRunner" name="runScenario" time="0.080"/>
  <system-out/>
  <testcase classname="runner.loginRunner" name="runScenario" time="0.004"/>
  <system-out/>
</testsuite> <!-- runner.loginRunner -->
